Using pre-set license
Built from '2022.3/staging' branch; Version is '2022.3.22f1 (887be4894c44) revision 8944612'; Using compiler version '192829333'; Build Type 'Release'
OS: 'Windows 11  (10.0.26120) 64bit Education' Language: 'es' Physical Memory: 16290 MB
BatchMode: 1, IsHumanControllingUs: 0, StartBugReporterOnCrash: 0, Is64bit: 1, IsPro: 1

COMMAND LINE ARGUMENTS:
C:\Program Files\Unity\Hub\Editor\2022.3.22f1\Editor\Unity.exe
-adb2
-batchMode
-noUpm
-name
AssetImportWorker6
-projectPath
C:/Users/isaac.cerda/Documents/VideoJuegos/Sci-Fi Demo
-logFile
Logs/AssetImportWorker6.log
-srvPort
55814
Successfully changed project path to: C:/Users/isaac.cerda/Documents/VideoJuegos/Sci-Fi Demo
C:/Users/isaac.cerda/Documents/VideoJuegos/Sci-Fi Demo
[UnityMemory] Configuration Parameters - Can be set up in boot.config
    "memorysetup-bucket-allocator-granularity=16"
    "memorysetup-bucket-allocator-bucket-count=8"
    "memorysetup-bucket-allocator-block-size=33554432"
    "memorysetup-bucket-allocator-block-count=8"
    "memorysetup-main-allocator-block-size=16777216"
    "memorysetup-thread-allocator-block-size=16777216"
    "memorysetup-gfx-main-allocator-block-size=16777216"
    "memorysetup-gfx-thread-allocator-block-size=16777216"
    "memorysetup-cache-allocator-block-size=4194304"
    "memorysetup-typetree-allocator-block-size=2097152"
    "memorysetup-profiler-bucket-allocator-granularity=16"
    "memorysetup-profiler-bucket-allocator-bucket-count=8"
    "memorysetup-profiler-bucket-allocator-block-size=33554432"
    "memorysetup-profiler-bucket-allocator-block-count=8"
    "memorysetup-profiler-allocator-block-size=16777216"
    "memorysetup-profiler-editor-allocator-block-size=1048576"
    "memorysetup-temp-allocator-size-main=16777216"
    "memorysetup-job-temp-allocator-block-size=2097152"
    "memorysetup-job-temp-allocator-block-size-background=1048576"
    "memorysetup-job-temp-allocator-reduction-small-platforms=262144"
    "memorysetup-allocator-temp-initial-block-size-main=262144"
    "memorysetup-allocator-temp-initial-block-size-worker=262144"
    "memorysetup-temp-allocator-size-background-worker=32768"
    "memorysetup-temp-allocator-size-job-worker=262144"
    "memorysetup-temp-allocator-size-preload-manager=33554432"
    "memorysetup-temp-allocator-size-nav-mesh-worker=65536"
    "memorysetup-temp-allocator-size-audio-worker=65536"
    "memorysetup-temp-allocator-size-cloud-worker=32768"
    "memorysetup-temp-allocator-size-gi-baking-worker=262144"
    "memorysetup-temp-allocator-size-gfx=262144"
Player connection [44700] Host "[IP] 192.168.100.25 [Port] 0 [Flags] 2 [Guid] 474875009 [EditorId] 474875009 [Version] 1048832 [Id] WindowsEditor(7,DESKTOP-7KH4BKL) [Debug] 1 [PackageName] WindowsEditor [ProjectName] Editor" joined multi-casting on [225.0.0.222:54997]...

Player connection [44700] Host "[IP] 192.168.100.25 [Port] 0 [Flags] 2 [Guid] 474875009 [EditorId] 474875009 [Version] 1048832 [Id] WindowsEditor(7,DESKTOP-7KH4BKL) [Debug] 1 [PackageName] WindowsEditor [ProjectName] Editor" joined alternative multi-casting on [225.0.0.222:34997]...

[Physics::Module] Initialized MultithreadedJobDispatcher with 23 workers.
Refreshing native plugins compatible for Editor in 1401.70 ms, found 3 plugins.
Preloading 0 native plugins for Editor in 0.00 ms.
Initialize engine version: 2022.3.22f1 (887be4894c44)
[Subsystems] Discovering subsystems at path C:/Program Files/Unity/Hub/Editor/2022.3.22f1/Editor/Data/Resources/UnitySubsystems
[Subsystems] Discovering subsystems at path C:/Users/isaac.cerda/Documents/VideoJuegos/Sci-Fi Demo/Assets
GfxDevice: creating device client; threaded=0; jobified=0
Direct3D:
    Version:  Direct3D 11.0 [level 11.1]
    Renderer: NVIDIA GeForce GTX 1660 (ID=0x2184)
    Vendor:   NVIDIA
    VRAM:     5966 MB
    Driver:   32.0.15.6038
Initialize mono
Mono path[0] = 'C:/Program Files/Unity/Hub/Editor/2022.3.22f1/Editor/Data/Managed'
Mono path[1] = 'C:/Program Files/Unity/Hub/Editor/2022.3.22f1/Editor/Data/MonoBleedingEdge/lib/mono/unityjit-win32'
Mono config path = 'C:/Program Files/Unity/Hub/Editor/2022.3.22f1/Editor/Data/MonoBleedingEdge/etc'
Using monoOptions --debugger-agent=transport=dt_socket,embedding=1,server=y,suspend=n,address=127.0.0.1:56000
Begin MonoManager ReloadAssembly
Registering precompiled unity dll's ...
Register platform support module: C:/Program Files/Unity/Hub/Editor/2022.3.22f1/Editor/Data/PlaybackEngines/WebGLSupport/UnityEditor.WebGL.Extensions.dll
Register platform support module: C:/Program Files/Unity/Hub/Editor/2022.3.22f1/Editor/Data/PlaybackEngines/AndroidPlayer/UnityEditor.Android.Extensions.dll
Register platform support module: C:/Program Files/Unity/Hub/Editor/2022.3.22f1/Editor/Data/PlaybackEngines/WindowsStandaloneSupport/UnityEditor.WindowsStandalone.Extensions.dll
Registered in 0.315966 seconds.
- Loaded All Assemblies, in  4.959 seconds
Native extension for WindowsStandalone target not found
Native extension for Android target not found
Android Extension - Scanning For ADB Devices 370 ms
Native extension for WebGL target not found
Mono: successfully reloaded assembly
- Finished resetting the current domain, in  0.701 seconds
Domain Reload Profiling: 5659ms
	BeginReloadAssembly (3386ms)
		ExecutionOrderSort (0ms)
		DisableScriptedObjects (0ms)
		BackupInstance (0ms)
		ReleaseScriptingObjects (0ms)
		CreateAndSetChildDomain (1ms)
	RebuildCommonClasses (319ms)
	RebuildNativeTypeToScriptingClass (7ms)
	initialDomainReloadingComplete (358ms)
	LoadAllAssembliesAndSetupDomain (888ms)
		LoadAssemblies (3384ms)
		RebuildTransferFunctionScriptingTraits (0ms)
		AnalyzeDomain (886ms)
			TypeCache.Refresh (884ms)
				TypeCache.ScanAssembly (702ms)
			ScanForSourceGeneratedMonoScriptInfo (0ms)
			ResolveRequiredComponents (1ms)
	FinalizeReload (702ms)
		ReleaseScriptCaches (0ms)
		RebuildScriptCaches (0ms)
		SetupLoadedEditorAssemblies (662ms)
			LogAssemblyErrors (0ms)
			InitializePlatformSupportModulesInManaged (527ms)
			SetLoadedEditorAssemblies (3ms)
			RefreshPlugins (0ms)
			BeforeProcessingInitializeOnLoad (2ms)
			ProcessInitializeOnLoadAttributes (93ms)
			ProcessInitializeOnLoadMethodAttributes (37ms)
			AfterProcessingInitializeOnLoad (0ms)
			EditorAssembliesLoaded (0ms)
		ExecutionOrderSort2 (0ms)
		AwakeInstancesAfterBackupRestoration (0ms)
========================================================================
Worker process is ready to serve import requests
Begin MonoManager ReloadAssembly
- Loaded All Assemblies, in  3.825 seconds
Refreshing native plugins compatible for Editor in 2.63 ms, found 3 plugins.
Native extension for WindowsStandalone target not found
Native extension for Android target not found
Native extension for WebGL target not found
Package Manager log level set to [2]
[Package Manager] Server::EnsureServerProcessIsRunning -- launch failed, reason: Unity was launched with the -noUpm command-line argument
[Package Manager] UpmClient::Send -- Unable to send message (not connected to UPM process).
[Package Manager] Cannot connect to Unity Package Manager local server
Mono: successfully reloaded assembly
- Finished resetting the current domain, in  0.586 seconds
Domain Reload Profiling: 4409ms
	BeginReloadAssembly (99ms)
		ExecutionOrderSort (0ms)
		DisableScriptedObjects (4ms)
		BackupInstance (0ms)
		ReleaseScriptingObjects (0ms)
		CreateAndSetChildDomain (17ms)
	RebuildCommonClasses (23ms)
	RebuildNativeTypeToScriptingClass (7ms)
	initialDomainReloadingComplete (30ms)
	LoadAllAssembliesAndSetupDomain (3663ms)
		LoadAssemblies (3220ms)
		RebuildTransferFunctionScriptingTraits (0ms)
		AnalyzeDomain (498ms)
			TypeCache.Refresh (483ms)
				TypeCache.ScanAssembly (437ms)
			ScanForSourceGeneratedMonoScriptInfo (10ms)
			ResolveRequiredComponents (4ms)
	FinalizeReload (587ms)
		ReleaseScriptCaches (0ms)
		RebuildScriptCaches (0ms)
		SetupLoadedEditorAssemblies (481ms)
			LogAssemblyErrors (0ms)
			InitializePlatformSupportModulesInManaged (18ms)
			SetLoadedEditorAssemblies (3ms)
			RefreshPlugins (0ms)
			BeforeProcessingInitializeOnLoad (44ms)
			ProcessInitializeOnLoadAttributes (398ms)
			ProcessInitializeOnLoadMethodAttributes (14ms)
			AfterProcessingInitializeOnLoad (5ms)
			EditorAssembliesLoaded (0ms)
		ExecutionOrderSort2 (0ms)
		AwakeInstancesAfterBackupRestoration (5ms)
Launched and connected shader compiler UnityShaderCompiler.exe after 0.04 seconds
Refreshing native plugins compatible for Editor in 2.62 ms, found 3 plugins.
Preloading 0 native plugins for Editor in 0.00 ms.
Unloading 3157 Unused Serialized files (Serialized files now loaded: 0)
Unloading 32 unused Assets / (57.4 KB). Loaded Objects now: 3622.
Memory consumption went from 130.0 MB to 130.0 MB.
Total: 2.964000 ms (FindLiveObjects: 0.190400 ms CreateObjectMapping: 0.109200 ms MarkObjects: 2.585600 ms  DeleteObjects: 0.078200 ms)

AssetImportParameters requested are different than current active one (requested -> active):
  custom:container-demuxer-ogg: 62fdf1f143b41e24485cea50d1cbac27 -> 
  custom:video-codec-MediaFoundation-h265: 746d11721c4dcdbdad8f713fa42b33f4 -> 
  custom:video-decoder-ogg-theora: a1e56fd34408186e4bbccfd4996cb3dc -> 
  custom:framework-win-MediaFoundation: 216162199b28c13a410421893ffa2e32 -> 
  custom:CustomObjectIndexerAttribute: 9a22284fe3817be447336de3de66b15e -> 
  custom:container-demuxer-webm: 4f35f7cbe854078d1ac9338744f61a02 -> 
  custom:container-muxer-webm: aa71ff27fc2769a1b78a27578f13a17b -> 
  custom:video-decoder-webm-vp8: 9c59270c3fd7afecdb556c50c9e8de78 -> 
  custom:SearchIndexIgnoredProperties: e643bd26f0fe6173181afceb89e7c659 -> 
  custom:AudioImporter_EditorPlatform: d09bf68614088b80899f8185d706f6e7 -> 
  custom:video-encoder-webm-vp8: eb34c28f22e8b96e1ab97ce403110664 -> 
  custom:audio-decoder-ogg-vorbis: bf7c407c2cedff20999df2af8eb42d56 -> 
  custom:audio-encoder-webm-vorbis: bf7c407c2cedff20999df2af8eb42d56 -> 
========================================================================
Received Import Request.
  Time since last request: 317111.522198 seconds.
  path: Assets/Game/Level_Dont_Touch/Environment_Model/Textures/Environment/SecurityRoom/HologGramLight02.tif
  artifactKey: Guid(3ff46e219d5799141b9219e49e43e79f) Importer(815301076,1909f56bfc062723c751e8b465ee728b)
Start importing Assets/Game/Level_Dont_Touch/Environment_Model/Textures/Environment/SecurityRoom/HologGramLight02.tif using Guid(3ff46e219d5799141b9219e49e43e79f) Importer(815301076,1909f56bfc062723c751e8b465ee728b)  -> (artifact id: '343befa7175a403aa134c9dcc3b6b04d') in 0.309705 seconds
Number of updated asset objects reloaded before import = 0
Number of asset objects unloaded after import = 2
========================================================================
Received Import Request.
  Time since last request: 0.000027 seconds.
  path: Assets/Game/Level_Dont_Touch/Environment_Model/Textures/LightGradient.psd
  artifactKey: Guid(836ae3c2ccd31da49a1095ab1e5e2ccc) Importer(815301076,1909f56bfc062723c751e8b465ee728b)
Start importing Assets/Game/Level_Dont_Touch/Environment_Model/Textures/LightGradient.psd using Guid(836ae3c2ccd31da49a1095ab1e5e2ccc) Importer(815301076,1909f56bfc062723c751e8b465ee728b)  -> (artifact id: 'c3de30c15d036b086a3503c525afe63f') in 0.021571 seconds
Number of updated asset objects reloaded before import = 0
Number of asset objects unloaded after import = 2
========================================================================
Received Import Request.
  Time since last request: 0.000025 seconds.
  path: Assets/Game/Level_Dont_Touch/Environment_Model/Materials/SecurityRoom/SecurityRoomHologramsDNA.mat
  artifactKey: Guid(1bc37cd6e59f7d043b4f6da0dbd4ab28) Importer(815301076,1909f56bfc062723c751e8b465ee728b)
Start importing Assets/Game/Level_Dont_Touch/Environment_Model/Materials/SecurityRoom/SecurityRoomHologramsDNA.mat using Guid(1bc37cd6e59f7d043b4f6da0dbd4ab28) Importer(815301076,1909f56bfc062723c751e8b465ee728b)  -> (artifact id: 'edea0ab0db2db3dfed88d15b4a81a759') in 0.121537 seconds
Number of updated asset objects reloaded before import = 0
Number of asset objects unloaded after import = 1
========================================================================
Received Import Request.
  Time since last request: 0.000020 seconds.
  path: Assets/Game/Level_Dont_Touch/Environment_Model/Materials/SecurityRoom/SecurityRoomHologramLight.mat
  artifactKey: Guid(bdb6658887a0cff41bb401d598c25c5c) Importer(815301076,1909f56bfc062723c751e8b465ee728b)
Start importing Assets/Game/Level_Dont_Touch/Environment_Model/Materials/SecurityRoom/SecurityRoomHologramLight.mat using Guid(bdb6658887a0cff41bb401d598c25c5c) Importer(815301076,1909f56bfc062723c751e8b465ee728b)  -> (artifact id: '5a2be0d22771423749a5619e10c26d74') in 0.050609 seconds
Number of updated asset objects reloaded before import = 0
Number of asset objects unloaded after import = 2
========================================================================
Received Import Request.
  Time since last request: 0.000015 seconds.
  path: Assets/Game/Level_Dont_Touch/Environment_Model/Materials/SecurityRoom/SecurityRoomHolograms.mat
  artifactKey: Guid(76f6aaeeec6d36b4f884b244370f05cb) Importer(815301076,1909f56bfc062723c751e8b465ee728b)
Start importing Assets/Game/Level_Dont_Touch/Environment_Model/Materials/SecurityRoom/SecurityRoomHolograms.mat using Guid(76f6aaeeec6d36b4f884b244370f05cb) Importer(815301076,1909f56bfc062723c751e8b465ee728b)  -> (artifact id: 'f1a9d9da8b9d4f85d4e6ba0f31ac6ce9') in 0.009624 seconds
Number of updated asset objects reloaded before import = 0
Number of asset objects unloaded after import = 1
========================================================================
Received Import Request.
  Time since last request: 0.000017 seconds.
  path: Assets/Game/Level_Dont_Touch/Environment_Model/Models/SecurityRoomHologramDNA.FBX
  artifactKey: Guid(7f436a69c8da2e64383bee548359ab14) Importer(815301076,1909f56bfc062723c751e8b465ee728b)
Start importing Assets/Game/Level_Dont_Touch/Environment_Model/Models/SecurityRoomHologramDNA.FBX using Guid(7f436a69c8da2e64383bee548359ab14) Importer(815301076,1909f56bfc062723c751e8b465ee728b)  -> (artifact id: '84bd4305efdbc178a26315a41bf51672') in 0.050299 seconds
Number of updated asset objects reloaded before import = 0
Number of asset objects unloaded after import = 8
========================================================================
Received Import Request.
  Time since last request: 0.000021 seconds.
  path: Assets/Game/Level_Dont_Touch/Environment_Model/Materials/SecurityRoom/SecurityRoomHologramLight02.mat
  artifactKey: Guid(237e59587b8f1c641a0b736a82a2f342) Importer(815301076,1909f56bfc062723c751e8b465ee728b)
Start importing Assets/Game/Level_Dont_Touch/Environment_Model/Materials/SecurityRoom/SecurityRoomHologramLight02.mat using Guid(237e59587b8f1c641a0b736a82a2f342) Importer(815301076,1909f56bfc062723c751e8b465ee728b)  -> (artifact id: '6b678d2108289b4c95a516702f0e3fb0') in 0.010427 seconds
Number of updated asset objects reloaded before import = 0
Number of asset objects unloaded after import = 2
========================================================================
Received Import Request.
  Time since last request: 1.249683 seconds.
  path: Assets/Game/Level_Dont_Touch/Environment_Model/Sci-Fi Weapons/Base Pack/Ground.mat
  artifactKey: Guid(b735f57067182b14f809e132ac0a6536) Importer(815301076,1909f56bfc062723c751e8b465ee728b)
Start importing Assets/Game/Level_Dont_Touch/Environment_Model/Sci-Fi Weapons/Base Pack/Ground.mat using Guid(b735f57067182b14f809e132ac0a6536) Importer(815301076,1909f56bfc062723c751e8b465ee728b)  -> (artifact id: '448af0426dc101094b5a93a6efe07e98') in 0.010215 seconds
Number of updated asset objects reloaded before import = 0
Number of asset objects unloaded after import = 1
========================================================================
Received Import Request.
  Time since last request: 0.000115 seconds.
  path: Assets/Game/Level_Dont_Touch/Environment_Model/AudioClips/FX/PowerDownLaserGrid.ogg
  artifactKey: Guid(28b6ecbb67d75a743be188695bc54261) Importer(815301076,1909f56bfc062723c751e8b465ee728b)
Start importing Assets/Game/Level_Dont_Touch/Environment_Model/AudioClips/FX/PowerDownLaserGrid.ogg using Guid(28b6ecbb67d75a743be188695bc54261) Importer(815301076,1909f56bfc062723c751e8b465ee728b)  -> (artifact id: 'f0966cc878331e6cc3e324442c5a5e5d') in 0.045875 seconds
Number of updated asset objects reloaded before import = 0
Number of asset objects unloaded after import = 2
========================================================================
Received Import Request.
  Time since last request: 0.000019 seconds.
  path: Assets/Game/Level_Dont_Touch/Environment_Model/Models/Materials/SecurityRoom_WallsGrey.mat
  artifactKey: Guid(bf760a950f8af2540b367ff4604155a8) Importer(815301076,1909f56bfc062723c751e8b465ee728b)
Start importing Assets/Game/Level_Dont_Touch/Environment_Model/Models/Materials/SecurityRoom_WallsGrey.mat using Guid(bf760a950f8af2540b367ff4604155a8) Importer(815301076,1909f56bfc062723c751e8b465ee728b)  -> (artifact id: 'ea274296f34287253319536242fed91a') in 0.011527 seconds
Number of updated asset objects reloaded before import = 0
Number of asset objects unloaded after import = 1
========================================================================
Received Import Request.
  Time since last request: 0.000015 seconds.
  path: Assets/Game/Level_Dont_Touch/Environment_Model/Sci-Fi Weapons/Base Pack/Rifle/Rifle.fbx
  artifactKey: Guid(1dc2a27ad3a63d24bad7f1c6d159013e) Importer(815301076,1909f56bfc062723c751e8b465ee728b)
Start importing Assets/Game/Level_Dont_Touch/Environment_Model/Sci-Fi Weapons/Base Pack/Rifle/Rifle.fbx using Guid(1dc2a27ad3a63d24bad7f1c6d159013e) Importer(815301076,1909f56bfc062723c751e8b465ee728b)  -> (artifact id: 'fab3725da4f70f5608fd8e5a57fd656d') in 0.063643 seconds
Number of updated asset objects reloaded before import = 0
Number of asset objects unloaded after import = 44
========================================================================
Received Import Request.
  Time since last request: 0.000029 seconds.
  path: Assets/Game/Level_Dont_Touch/Environment_Model/Materials/SecurityRoom/SecurityRoomForeGroundDetail.mat
  artifactKey: Guid(45b8eaf0be0364a40b0b46fe8679696f) Importer(815301076,1909f56bfc062723c751e8b465ee728b)
Start importing Assets/Game/Level_Dont_Touch/Environment_Model/Materials/SecurityRoom/SecurityRoomForeGroundDetail.mat using Guid(45b8eaf0be0364a40b0b46fe8679696f) Importer(815301076,1909f56bfc062723c751e8b465ee728b)  -> (artifact id: '35729cbbe8c23075dce1291f553bf354') in 0.010989 seconds
Number of updated asset objects reloaded before import = 0
Number of asset objects unloaded after import = 2
========================================================================
Received Import Request.
  Time since last request: 0.000016 seconds.
  path: Assets/Game/Level_Dont_Touch/Environment_Model/Models/MarketEnvironment.FBX
  artifactKey: Guid(ae23c9eafd0c4d84690e5f3bddaf54e8) Importer(815301076,1909f56bfc062723c751e8b465ee728b)
Start importing Assets/Game/Level_Dont_Touch/Environment_Model/Models/MarketEnvironment.FBX using Guid(ae23c9eafd0c4d84690e5f3bddaf54e8) Importer(815301076,1909f56bfc062723c751e8b465ee728b)  -> (artifact id: 'ee2d1e8fcaea49c402d5c5993fbbbe41') in 0.658084 seconds
Number of updated asset objects reloaded before import = 0
Number of asset objects unloaded after import = 281
========================================================================
Received Import Request.
  Time since last request: 52.161788 seconds.
  path: Assets/Game/Level_Dont_Touch/Environment_Model/Cinema Suite/About/Editor/Resources/Cinema_Suite_Facebook_Pro.png
  artifactKey: Guid(f97cc0a1bc18feb42b5717a499c7b7ec) Importer(815301076,1909f56bfc062723c751e8b465ee728b)
Start importing Assets/Game/Level_Dont_Touch/Environment_Model/Cinema Suite/About/Editor/Resources/Cinema_Suite_Facebook_Pro.png using Guid(f97cc0a1bc18feb42b5717a499c7b7ec) Importer(815301076,1909f56bfc062723c751e8b465ee728b)  -> (artifact id: '00f58dfc70df6b473a7525e85d78caa7') in 0.009322 seconds
Number of updated asset objects reloaded before import = 0
Number of asset objects unloaded after import = 2
========================================================================
Received Import Request.
  Time since last request: 0.004301 seconds.
  path: Assets/Game/Level_Dont_Touch/Environment_Model/Cinema Suite/About/Editor/Resources/Cinema_Suite_Forums_Pro.png
  artifactKey: Guid(3cf8a6b5c31a0a94bbe58512271857f5) Importer(815301076,1909f56bfc062723c751e8b465ee728b)
Start importing Assets/Game/Level_Dont_Touch/Environment_Model/Cinema Suite/About/Editor/Resources/Cinema_Suite_Forums_Pro.png using Guid(3cf8a6b5c31a0a94bbe58512271857f5) Importer(815301076,1909f56bfc062723c751e8b465ee728b)  -> (artifact id: '213c9e5922e84fe33a5e4bca89fc49cb') in 0.007258 seconds
Number of updated asset objects reloaded before import = 0
Number of asset objects unloaded after import = 2
========================================================================
Received Import Request.
  Time since last request: 0.010565 seconds.
  path: Assets/Game/Level_Dont_Touch/Environment_Model/Models/CoffeeBotCover.FBX
  artifactKey: Guid(a6c69704f7dc81b4b943597cabdaece9) Importer(815301076,1909f56bfc062723c751e8b465ee728b)
Start importing Assets/Game/Level_Dont_Touch/Environment_Model/Models/CoffeeBotCover.FBX using Guid(a6c69704f7dc81b4b943597cabdaece9) Importer(815301076,1909f56bfc062723c751e8b465ee728b)  -> (artifact id: '12a986024f928afd66c4f20961600337') in 0.017532 seconds
Number of updated asset objects reloaded before import = 0
Number of asset objects unloaded after import = 7
========================================================================
Received Import Request.
  Time since last request: 0.000015 seconds.
  path: Assets/Game/Level_Dont_Touch/Environment_Model/Textures/Characters/CoffeeBotAlbedo.tif
  artifactKey: Guid(dd7ba3f30ee1ce34e8c5fa2e72d068ad) Importer(815301076,1909f56bfc062723c751e8b465ee728b)
Start importing Assets/Game/Level_Dont_Touch/Environment_Model/Textures/Characters/CoffeeBotAlbedo.tif using Guid(dd7ba3f30ee1ce34e8c5fa2e72d068ad) Importer(815301076,1909f56bfc062723c751e8b465ee728b)  -> (artifact id: 'e93afa2168423d307a91cdad911bf3bf') in 0.032435 seconds
Number of updated asset objects reloaded before import = 0
Number of asset objects unloaded after import = 2
========================================================================
Received Import Request.
  Time since last request: 0.000018 seconds.
  path: Assets/Game/Level_Dont_Touch/Environment_Model/AudioClips/VoiceOver/CoffeeBot/CoffeeBotCoffeeOnlyACoin.ogg
  artifactKey: Guid(9fecb71afa4ed49c89d01dffd5c600a7) Importer(815301076,1909f56bfc062723c751e8b465ee728b)
Start importing Assets/Game/Level_Dont_Touch/Environment_Model/AudioClips/VoiceOver/CoffeeBot/CoffeeBotCoffeeOnlyACoin.ogg using Guid(9fecb71afa4ed49c89d01dffd5c600a7) Importer(815301076,1909f56bfc062723c751e8b465ee728b)  -> (artifact id: 'fa6ac151cfd924aa6b4f9d08fdcef1af') in 0.020289 seconds
Number of updated asset objects reloaded before import = 0
Number of asset objects unloaded after import = 2
========================================================================
Received Import Request.
  Time since last request: 0.008408 seconds.
  path: Assets/Game/Level_Dont_Touch/Environment_Model/Materials/Characters/CoffeeBotMain.mat
  artifactKey: Guid(55ac6b62b46001749b9938e358b3c0ad) Importer(815301076,1909f56bfc062723c751e8b465ee728b)
Start importing Assets/Game/Level_Dont_Touch/Environment_Model/Materials/Characters/CoffeeBotMain.mat using Guid(55ac6b62b46001749b9938e358b3c0ad) Importer(815301076,1909f56bfc062723c751e8b465ee728b)  -> (artifact id: '335bd5c3ef6208e57b79944d8851bdbc') in 0.020262 seconds
Number of updated asset objects reloaded before import = 0
Number of asset objects unloaded after import = 3
========================================================================
Received Import Request.
  Time since last request: 0.000017 seconds.
  path: Assets/Game/Level_Dont_Touch/Environment_Model/Materials/CoffeeCup.mat
  artifactKey: Guid(9d897843149660d4a8439ee2bf24eb1e) Importer(815301076,1909f56bfc062723c751e8b465ee728b)
Start importing Assets/Game/Level_Dont_Touch/Environment_Model/Materials/CoffeeCup.mat using Guid(9d897843149660d4a8439ee2bf24eb1e) Importer(815301076,1909f56bfc062723c751e8b465ee728b)  -> (artifact id: '7c0a2d4d5d5e0afe1f0f5834ee97b0fe') in 0.014176 seconds
Number of updated asset objects reloaded before import = 0
Number of asset objects unloaded after import = 3
========================================================================
Received Import Request.
  Time since last request: 0.000019 seconds.
  path: Assets/Game/Level_Dont_Touch/Environment_Model/Cinema Suite/Cinema Themes/LUTs/Dreadful3D16.png
  artifactKey: Guid(daaeb598b1a3dfa478e2dcd552b06ce9) Importer(815301076,1909f56bfc062723c751e8b465ee728b)
Start importing Assets/Game/Level_Dont_Touch/Environment_Model/Cinema Suite/Cinema Themes/LUTs/Dreadful3D16.png using Guid(daaeb598b1a3dfa478e2dcd552b06ce9) Importer(815301076,1909f56bfc062723c751e8b465ee728b)  -> (artifact id: 'a57d93c0de27caccf1721772f80347c8') in 0.016260 seconds
Number of updated asset objects reloaded before import = 0
Number of asset objects unloaded after import = 2
========================================================================
Received Import Request.
  Time since last request: 0.012781 seconds.
  path: Assets/Game/Level_Dont_Touch/Environment_Model/Cinema Suite/Cinema Themes/LUTs/FinalBattle3D16.png
  artifactKey: Guid(f3747c295e956e942937e05027a0580a) Importer(815301076,1909f56bfc062723c751e8b465ee728b)
Start importing Assets/Game/Level_Dont_Touch/Environment_Model/Cinema Suite/Cinema Themes/LUTs/FinalBattle3D16.png using Guid(f3747c295e956e942937e05027a0580a) Importer(815301076,1909f56bfc062723c751e8b465ee728b)  -> (artifact id: '16ac3f47ddd302ccedbe7eaaa285b9c4') in 0.008644 seconds
Number of updated asset objects reloaded before import = 0
Number of asset objects unloaded after import = 2
========================================================================
Received Import Request.
  Time since last request: 0.031882 seconds.
  path: Assets/Game/Level_Dont_Touch/Environment_Model/Effects/hit_marker_particle/Prefabs/Fireworks.prefab
  artifactKey: Guid(180149b1a35449044a27b451e816d2de) Importer(815301076,1909f56bfc062723c751e8b465ee728b)
Start importing Assets/Game/Level_Dont_Touch/Environment_Model/Effects/hit_marker_particle/Prefabs/Fireworks.prefab using Guid(180149b1a35449044a27b451e816d2de) Importer(815301076,1909f56bfc062723c751e8b465ee728b)  -> (artifact id: 'e95047b8d7c75aac197d29e49bd6f854') in 0.103491 seconds
Number of updated asset objects reloaded before import = 0
Number of asset objects unloaded after import = 36
========================================================================
Received Import Request.
  Time since last request: 0.000021 seconds.
  path: Assets/Game/Level_Dont_Touch/Environment_Model/AudioClips/VoiceOver/Guard/GuardGoGetCoffee.ogg
  artifactKey: Guid(707d533b18a364142897701cc3b4027e) Importer(815301076,1909f56bfc062723c751e8b465ee728b)
Start importing Assets/Game/Level_Dont_Touch/Environment_Model/AudioClips/VoiceOver/Guard/GuardGoGetCoffee.ogg using Guid(707d533b18a364142897701cc3b4027e) Importer(815301076,1909f56bfc062723c751e8b465ee728b)  -> (artifact id: '3a034a5afe127db43f5d3479ceac3dae') in 0.026710 seconds
Number of updated asset objects reloaded before import = 0
Number of asset objects unloaded after import = 2
========================================================================
Received Import Request.
  Time since last request: 0.257136 seconds.
  path: Assets/Game/Level_Dont_Touch/Environment_Model/Materials/Market/MarketFloorTileSand.mat
  artifactKey: Guid(3a48947a76978074795eb630980e7e56) Importer(815301076,1909f56bfc062723c751e8b465ee728b)
Start importing Assets/Game/Level_Dont_Touch/Environment_Model/Materials/Market/MarketFloorTileSand.mat using Guid(3a48947a76978074795eb630980e7e56) Importer(815301076,1909f56bfc062723c751e8b465ee728b)  -> (artifact id: '096b53df6ba0aa0bf4f0a2f4df210c83') in 0.010452 seconds
Number of updated asset objects reloaded before import = 0
Number of asset objects unloaded after import = 4
========================================================================
Received Import Request.
  Time since last request: 0.017738 seconds.
  path: Assets/Game/Level_Dont_Touch/Environment_Model/Textures/Environment/SecurityRoom/SecurityRoomFloorAlbedo.tif
  artifactKey: Guid(1bcc788d0e1020646bd703ed8ecdd29d) Importer(815301076,1909f56bfc062723c751e8b465ee728b)
Start importing Assets/Game/Level_Dont_Touch/Environment_Model/Textures/Environment/SecurityRoom/SecurityRoomFloorAlbedo.tif using Guid(1bcc788d0e1020646bd703ed8ecdd29d) Importer(815301076,1909f56bfc062723c751e8b465ee728b)  -> (artifact id: '42758d96d6c184570212c00eded95798') in 0.009488 seconds
Number of updated asset objects reloaded before import = 0
Number of asset objects unloaded after import = 2
Editor requested this worker to shutdown with reason: Scaling down because of idle timeout
TcpMessagingSession - receive error: operation aborted. errorcode: 995, details: La operación de E/S se anuló por una salida de subproceso o por una solicitud de aplicación.
AssetImportWorker is now disconnected from the server
Process exiting
Exiting without the bug reporter. Application will terminate with return code 0